<?xml version="1.0" encoding="UTF-8"?>
<!-- Generated by org.testng.reporters.JUnitXMLReporter -->
<testsuite hostname="u-PC" ignored="1" name="Test" tests="2" failures="0" timestamp="2020-04-14T00:03:20 GMT+04:00" time="23.87" errors="0">
  <testcase name="listAmSearch" time="5.446" classname="test.java.test.TestNG_Demo2"/>
  <testcase name="googleSearch" time="5.56" classname="test.java.test.TestNG_Demo"/>
  <testcase name="listAmSearch2" time="0.0" classname="test.java.test.TestNG_Demo2">
    <ignored/>
  </testcase> <!-- listAmSearch2 -->
</testsuite> <!-- Test -->
